This is pdfTeX, Version 3.14159265-2.6-1.40.18 (MiKTeX 2.9.6500 64-bit) (preloaded format=pdflatex 2017.11.24)  24 NOV 2017 17:37
entering extended mode
**"./latex trials.tex"
("latex trials.tex"
LaTeX2e <2017-04-15>
Babel <3.15> and hyphenation patterns for 75 language(s) loaded.
(J:\MiKTeX\tex\latex\base\article.cls
Document Class: article 2014/09/29 v1.4h Standard LaTeX document class
(J:\MiKTeX\tex\latex\base\size10.clo
File: size10.clo 2014/09/29 v1.4h Standard LaTeX file (size option)
)
\c@part=\count79
\c@section=\count80
\c@subsection=\count81
\c@subsubsection=\count82
\c@paragraph=\count83
\c@subparagraph=\count84
\c@figure=\count85
\c@table=\count86
\abovecaptionskip=\skip41
\belowcaptionskip=\skip42
\bibindent=\dimen102
) ("latex trials.aux")
\openout1 = `"latex trials.aux"'.

LaTeX Font Info:    Checking defaults for OML/cmm/m/it on input line 2.
LaTeX Font Info:    ... okay on input line 2.
LaTeX Font Info:    Checking defaults for T1/cmr/m/n on input line 2.
LaTeX Font Info:    ... okay on input line 2.
LaTeX Font Info:    Checking defaults for OT1/cmr/m/n on input line 2.
LaTeX Font Info:    ... okay on input line 2.
LaTeX Font Info:    Checking defaults for OMS/cmsy/m/n on input line 2.
LaTeX Font Info:    ... okay on input line 2.
LaTeX Font Info:    Checking defaults for OMX/cmex/m/n on input line 2.
LaTeX Font Info:    ... okay on input line 2.
LaTeX Font Info:    Checking defaults for U/cmr/m/n on input line 2.
LaTeX Font Info:    ... okay on input line 2.
LaTeX Font Info:    External font `cmex10' loaded for size
(Font)              <7> on input line 3.
LaTeX Font Info:    External font `cmex10' loaded for size
(Font)              <5> on input line 3.

Underfull \hbox (badness 10000) in paragraph at lines 3--8

 []

LaTeX Font Info:    Try loading font information for OMS+cmr on input line 9.
(J:\MiKTeX\tex\latex\base\omscmr.fd
File: omscmr.fd 2014/09/29 v2.5h Standard LaTeX font definitions
)
LaTeX Font Info:    Font shape `OMS/cmr/m/n' in size <10> not available
(Font)              Font shape `OMS/cmsy/m/n' tried instead on input line 9.
 [1

{C:/Users/zxj19/AppData/Local/MiKTeX/2.9/pdftex/config/pdftex.map}] ("latex tri
als.aux") ) 
Here is how much of TeX's memory you used:
 233 strings out of 493312
 2691 string characters out of 3146702
 54761 words of memory out of 3000000
 3860 multiletter control sequences out of 15000+200000
 4821 words of font info for 18 fonts, out of 3000000 for 9000
 1141 hyphenation exceptions out of 8191
 23i,4n,17p,158b,107s stack positions out of 5000i,500n,10000p,200000b,50000s
<J:/MiKTeX/fonts/type1/public/amsfonts/cm/cmbx10.pfb><J:/MiKTeX/font
s/type1/public/amsfonts/cm/cmbxti10.pfb><J:/MiKTeX/fonts/type1/public/amsfonts/
cm/cmr10.pfb><J:/MiKTeX/fonts/type1/public/amsfonts/cm/cmr7.pfb><J:/MiKTeX/font
s/type1/public/amsfonts/cm/cmsy10.pfb><J:/MiKTeX/fonts/type1/public/amsfonts/cm
/cmti10.pfb><J:/MiKTeX/fonts/type1/public/amsfonts/cm/cmtt10.pfb>
Output written on "latex trials.pdf" (1 page, 76929 bytes).
PDF statistics:
 34 PDF objects out of 1000 (max. 8388607)
 0 named destinations out of 1000 (max. 500000)
 1 words of extra memory for PDF output out of 10000 (max. 10000000)

